The system is: Windows - 10.0.19041 - AMD64
Compiling the C compiler identification source file "CMakeCCompilerId.c" succeeded.
Compiler: C:/Program Files (x86)/Microsoft Visual Studio/2019/Preview/VC/Tools/MSVC/14.24.28314/bin/HostX64/x64/cl.exe 
Build flags: 
Id flags:  

The output was:
0
Microsoft (R) C/C++ Optimizing Compiler Version 19.24.28314 for x64
Copyright (C) Microsoft Corporation.  All rights reserved.

CMakeCCompilerId.c
Microsoft (R) Incremental Linker Version 14.24.28314.0
Copyright (C) Microsoft Corporation.  All rights reserved.

/out:CMakeCCompilerId.exe 
CMakeCCompilerId.obj 


Compilation of the C compiler identification source "CMakeCCompilerId.c" produced "CMakeCCompilerId.exe"

Compilation of the C compiler identification source "CMakeCCompilerId.c" produced "CMakeCCompilerId.obj"

The C compiler identification is MSVC, found in "C:/work/eospac64/Source/out/build/x64-Debug/CMakeFiles/3.15.19101501-MSVC_2/CompilerIdC/CMakeCCompilerId.exe"

Determining if the C compiler works passed with the following output:
Change Dir: C:/work/eospac64/Source/out/build/x64-Debug/CMakeFiles/CMakeTmp

Run Build Command(s):C:/Program Files (x86)/Microsoft Visual Studio/2019/Preview/Common7/IDE/CommonExtensions/Microsoft/CMake/Ninja/ninja.exe cmTC_8adf5 && [1/2] Building C object CMakeFiles\cmTC_8adf5.dir\testCCompiler.c.obj
[2/2] Linking C executable cmTC_8adf5.exe



Detecting C compiler ABI info compiled with the following output:
Change Dir: C:/work/eospac64/Source/out/build/x64-Debug/CMakeFiles/CMakeTmp

Run Build Command(s):C:/Program Files (x86)/Microsoft Visual Studio/2019/Preview/Common7/IDE/CommonExtensions/Microsoft/CMake/Ninja/ninja.exe cmTC_056e8 && [1/2] Building C object CMakeFiles\cmTC_056e8.dir\CMakeCCompilerABI.c.obj
[2/2] Linking C executable cmTC_056e8.exe



